f4ba95518a4 Updated translations from Phrase (#4316)
8c57fb41337 SW-7013: Observations: Add total number of "Live Plants" to Plant Monitoring Observations (FOLLOW-UP #2) (#4315)
0449f838305 SW-7173 Add Modal for adding/sorting/pinning variables (#4303)
67353752061 SW-7201 Update Matrix View to match new BE search structure (#4314)
b5f244ef04b Updated translations from Phrase (#4311)
2fbcd28a878 SW-7205 Report view - Set current participant project (#4313)
ec906ea63d2 SW-7205 Reports Page - Use "all projects" instead of "module projects" for project selector (#4312)
03aba553617 SW-7203: Observations: Change "Planting Density" to "Plant Density" when referring to observed density (#4310)
a57531b7bc6 Updated translations from Phrase (#4309)
2c226503107 Updated translations from Phrase (#4308)
1c794328c19 SW-7013: Observations: Add total number of "Live Plants" to Plant Monitoring Observations (Follow-up) (#4307)
0451b220550 SW-7013: Observations: Add total number of "Live Plants" to Plant Monitoring Observations (#4305)
cdd73100364 SW-7143: Questionnaire Deliverables allow submitting before variables have loaded (FOLLOW-UP) (#4306)
f583e4a87e8 Updated translations from Phrase (#4304)
5cf5b135cde SW-7171 - Add MRT with non-variable columns (#4299)
a60e2c8b4f5 SW-7155 Add Feature Flag for Nursery Terminology Updates (#4302)
9b0608327a4 SW-7143: Questionnaire Deliverables allow submitting before variables have loaded (#4301)
4a347daa288 SW-7196 Performance is very slow (#4297)
adc7bb8fee0 SW-7132 Introduced new feature flag for plant dashboard map (#4298)
cf9dca27152 SW-7187 Planting Site label transparency (#4296)
fd8312bf238 SW-7186 Change Map corner radius 8px (#4294)
0ff08b45fca SW-7188 Map height 700px (#4295)
8df245340e5 SW-7183 Do not gray out unselected layers when planting site is selected (#4293)
4df2394206c SW-7185 All areas should have hover overlay (#4292)
81401c6446b Update dependency slate-dom to ^0.117.0 (#4290)
dbcfaa10fff Update Node.js to v22.17.1 (#4289)
6bdade7ad45 Updated translations from Phrase (#4288)
f319d97e8fc SW-1142 Post release notes on Slack (#4283)
758b7b4db25 SW-7174: Withdrawing the weight of less than a single seed causes error (#4287)
de80950d8a8 Updated translations from Phrase (#4286)
99db69f2738 SW-7163: Deliverable Approved Verbiage is incorrect for Questionnaire and Species types (#4284)
b5563a77b5d SW-7175 Fix withdrawal modal's Exceeds message missing (#4285)
0452b26cd7f SW-7175 Add tooltip to Funding Entity Projects dropdown (#4282)
4df9705a44b SW-7170 Add new page and nav item (#4281)
fc1941cd025 SW-7165 Disable Withdraw button when request is already pending (#4270)
0edd6766eef SW-7165 Fix withdrawal modal sending incorrect units sometimes (#4269)
775573bd0d0 SW-7162: Read Only Global Users Shouldn't be Able to Modify Deliverable Variables (#4279)
551371bbd55 SW-7164 Funding Entities should only be able to select Published Projects (#4273)
5ba98473201 SW-7169 Feature flag for matrix view (#4280)
03cb91758df Vercel deployment follow-ups (#4278)
aaa5605d751 Updated translations from Phrase (#4277)
61134ef0822 SW-7084: Planting Sites: Maps - remove "Monitoring Plots" from the zone and subzone popovers (#4276)
bea864f2478 SW-7089 Removed obseration type and plot selection from planting site details (#4274)
c668dcc5215 Fix Vercel deploys become inactive (#4272)
73c451b3652 SW-7110 E2E tests for Deliverables (#4258)
e7247323d60 SW-7112 Hide tooltip for non-monitoring plot (#4271)
42e50f0a939 Upgrade to MUI v6 (#4267)
3e2d2bce59f SW-7145: Move Vercel deploy in CI to separate workflow (#4261)
d51e7e580c6 SW-7140 Refresh modules in console after upload (#4265)
9dd6d3ef108 SW-7094 Fix participant form issues (#4244)
1faf13ccc44 Updated translations from Phrase (#4266)
ff0f3d97edc Updated translations from Phrase (#4262)
b51a52fd638 Add Maps link to project project profile page (#4263)
3a37cd10170 SW-7037 Hide withdrawals from deleted batches (#4264)
c7b9d8b5d99 Updated translations from Phrase (#4254)
79717cd6707 SW-2554 Add germination started, seeds sown dates to batches (#4256)
53d80b233bb Update HelpSupportHome and Contact Form to use strings from useLocalization hook (#4214)
9641d18e861 Tidy NurseryBatchService (#4255)
26e0a869aed SW-7139: "Refresh to use the latest version" does not go away (#4260)
98386e38fdc SW-7134 Make live-plants graph tooltip more detailed (#4257)
23de8b101fd SW-7101 Maps empty state (#4247)
be9787c6eb3 SW-7085 Removed all sites option from nursery withdrawal (#4253)
1f2d5f1709e SW-7119 Add support for ECS deployment (#4252)
c2a3a4fe3dc Reorganize set-environment.sh (#4251)
380563fe3e3 SW-7105: Planting Site dropdown values not in alphabetical order in various places (#4250)
ac8a660b546 SW-7106 Update web-components and make funding entities project dropdown autocomplete (#4248)
3d4d9a043eb Updated translations from Phrase (#4245)
62e56cc7ad3 SW-7136 Fix published reports not showing up in funder portal (#4249)
50ddaab9c66 SW-6885: Deploy to Vercel using CI build (#4198)
01859856ab0 SW-7100 Select component should show a line separator between zones and sites (#4246)
f477528a416 SW-6865: Funder can add/edit/remove other funders (#4154)
38f2597429e SW-7122 Format site/zone names inside map (#4241)
94fdd4c4879 Remove old user prefs from dump.sql (#4242)
7b010a78e8a Updated translations from Phrase (#4243)
61cc06468e3 SW-7105 Funder Portal - Multiple Projects View (#4235)
0dd04cd7547 Fix prefer-arrow-functions lint errors (#4237)
92146eae3a0 Fix eqeqeq lint errors (#4238)
a3aeede5293 Update dependency @babel/traverse to v7.28.0 (#4240)
d7dc1a2a0c8 SW-7099 Add tooltip when clicking zone/site (#4236)
539b24dfd68 SW-7098 Show last updated date in GIS Maps (#4234)
a09ab46ec1b SW-7073 Added padding to scrollable dialog box (#4232)
e47cb2fb568 SW-7037 Fix withdrawal log with deleted batches (#4231)
f66bee3aea4 Updated translations from Phrase (#4229)
ec5a8bf0660 SW-7115 Hide "Add Document" button for Read-Only users (#4233)
6d5c68d6e0c SW-7096 Enable/disable legends when clicking (#4230)
e0a4eac1c2d SW-7109 Add optional unit field to project specific metrics and report displays (#4227)
8c3ef8ce543 Fix no-redundant-type-constituents lint error (#4228)
173f212a81e Updated translations from Phrase (#4223)
9040eb6f391 SW-6902 Adding GIS maps to terraware (#4208)
5e584afa97a Fix max-classes-per-file lint error (#4224)
5fc9ea68777 SW-6774 Show empty mortality rate chart (#4225)
ab52e6d5bec Fix no-constant-binary-expression lint error (#4217)
8611c354809 Fix await-thenable lint error (#4221)
29c57238663 Disable jsdoc/check-indentation lint error (#4219)
dc76b495cf8 SW-7090 Fix questionnaire deliverable unable to save and redirect (#4222)
7f656ef435f Fix no-empty-function lint error (#4220)
abb2d9a34cc Disable eslint unbound-method lint error in test (#4218)
ccce063c2f7 Fix no-case-declarations lint error (#4216)
593612e371a SW-6774 Don't show mortality rates without data (#4215)
f5ef8daaf0b Add protocol to external project links when missing (#4210)
6631e70c084 SW-7038 Updated planting site edit and create to use hooks (#4197)
7d4aaa65e3f Fix curly lint error (#4213)
db40e1671d0 Fix no-redeclare lint error (#4212)
263e129e63c SW-7086 Add plot number to biomass CSVs (#4211)
34da7e11787 SW-7092 Don't save invalid substrate type (#4209)
b3d49f0e8cc Fix all remaining Exhaustive Deps errors (#4131)
d11d0e10cd0 Update dependency jest-mock-extended to v4 (#4201)
aa9431c56ef Update dependency @types/jest to v30 (#4200)
f88f5fbf7b9 Update dependency slate-react to ^0.117.0 (#4199)
a976bd15a88 Enable lint in CI, disable rules not yet fixed (#4204)
2224187ef11 Update nginx Docker tag to v1.29 (#4206)
3989b9c04b2 Update dependency @babel/traverse to v7.27.7 (#4207)
b15215ad0fe Update Node.js to v22.17.0 (#4205)
e3c030572c8 Remove decimal when total planted under 999 in project profile (#4195)
3b9b5aabc1b SW-7070: E2E tests for observation detail views (#4191)
edbdc1b26ad SW-7052 Used update report target endpoints instead of using many calls (#4192)
389e07c7029 Updated translations from Phrase (#4194)
3831ec10488 SW-6955: Browser back button doesn't work on some pages (#4190)
ee8afd5bfad SW-7057 Further refine batch delete confirmation (#4193)
f5784aab0fc Updated translations from Phrase (#4189)
ab6a03a30a2 SW-7069: e2e test for scheduling, rescheduling, and ending observations (#4187)
543e36a500e SW-7057 Revise batch delete dialog message (#4188)
0229f9816f0 SW-7040 Updated planting site map data handling (#4186)
8abfa8d5a11 Add format:changed target (#4184)
78d05fba62a SW-6936 Removed monitoring plot count columns (#4185)
7fc293de577 SW-7020 Add tooltip icon to live-plants titles (#4170)
bb6561c0a66 SW-7039 Removed legends for planting site map (#4176)
3a87c56139b SW-7038/SW-7040 Separated effects for dispatch and setting planting sites (#4175)
0c08a53725c Add organization existence check to BatchDetailsForm (#4172)
e84a2f2e59d Update node version on docs.yml (#4183)
5009558f7b3 SW-7081 UI button/link placement is off in application when the project name is long (#4182)
4261a8b55ac Update dependency jest to v30 (#4178)
e5a43a3dee3 SW-7082 Plants Dashboard in Console does not load correctly if I viewed another project's plants dashboard in the same session (#4181)
45f43dce741 Update dependency eslint-plugin-jsdoc to v51 (#4180)
bd07848c1eb Update dependency slate-react to ^0.116.0 (#4177)
b2368031306 Update dependency slate-dom to ^0.116.0 (#4174)
87f35a73118 Update dependency slate to ^0.117.0 (#4173)
0bd09839828 SW-6800 Warn when scheduling observation of small site (#4168)
d8e595a9033 Updated translations from Phrase (#4171)
a5d0ce8b5c4 Convert strings CSV files for all locales on edit (#4169)
6bacecb9c26 SW-7020 Tooltip for live plants graph titles (#4167)
b83a1e2b773 Add type guards to org membership functions (#4166)
b8c8a5c128f Removed funding entities feature flag (#4165)
13b0e304620 SW-7067 Fix geometry message link showing in console but not in participant side (#4164)
e1f951a1bb3 Updated translations from Phrase (#4163)
f8510ec1a38 Remove unused selectors (#4161)
f8a830ea63e Fix malformed organization ternary expressions (#4162)
9201b5e6752 Declare cached selector types; fix missing parameter (#4160)
cc8ce9447f4 Fix Project Profile external links not opening (#4159)
038e9c3e0f9 Updated translations from Phrase (#4151)
d14338532ce SW-7020 Show live plant counts in species graphs (#4156)
59edb472d8c SW-6995 Include plot coordinates in observation CSV (#4155)
267fdeb16fa SW-6844 Rename biomass species CSV (#4153)
275c45e814c Fix E2E Tests (#4158)
00aa572c81a SW-7071: Zone & Plot level observation detail views are not accessible (#4157)
9f3cd6c293b Don't install Playwright if we aren't running it (#4152)
e13d465a5b5 SW-6844 Export biomass details from list view (#4150)
fedc251e25d SW-6844 Rename biomass CSVs; only allow zip export (#4148)
8a1093b69af SW-7068 Console plants dashboard does not fetch statistics if non-console org has not been loaded (#4147)
6463dcd846d Updated translations from Phrase (#4149)
024c84f42ec Disable no-console (#4146)
0f9a550acdf SW-6808 Added disclaimer modal (#4141)
a6725c3bb4c SW-5107: Create a `useStrings` hook that abstracts away activeLocale dependencies (#4095)
13430cdc6f8 SW-6866 - follow-up - Refresh published report after publishing (#4145)
10a33141d24 Updated translations from Phrase (#4144)
a559a860553 SW-7065 Species: After running GBIF check, clicking "Edit" option for flagged species does nothing (#4142)
4787a728c86 SW-7066 Species: Species cannot be associated with Project in Add Species screen (#4143)
6cad884d789 SW-6955: Browser back button doesn't work on some pages (#4139)
a794f4b1c5a SW-6866 Console: Link to view Funder Report in Report Form in Project Profile (#4140)
bcdfe8d10f5 SW-7050 Don't allow deleting applicant projects (#4136)
ff40982c24c Update dependency slate to ^0.115.0 (#4137)
49965e06f93 SW-7058 Fix reversed project area tooltips (#4135)
13dc0f26ab3 SW-7053 Reports in Console: Challenges & Mitigations section is uneditable (#4130)
9d151b3ab3d SW-6932 Improving plants dashboard spinners (#4129)
959dea647d8 SW-7055 Fix Last Report used for data (#4132)
31012676d58 SW-7021 Don't download strings until locale is known (#4121)
a1905515421 SW-7023 Stop using organization ID -1 as sentinel (#4109)
ca9f6d269cc SW-6953 Test for Publish Project and View Published Project (#4127)
31c4e8e4f45 SW-6953 Publish Project Profile in console (#4120)
1027fb59a89 SW-7036 Use raw enum values for searches (#4128)
8100adf90d5 SW-7049 Funder reports: Remove extra padding at top of achievements section (#4125)
4b623543b71 SW-7046 Cannot create a new document (#4126)
e29c6ce6484 SW-7045 Participant reports: validate number fields before submitting to the server (#4124)
054f3c27738 SW-7041 Console: Plants dashboard does not load (#4122)
df2ae76fb79 SW-7042 Remove checkboxes and button to delete project specific metrics (#4123)
80cf5c9ca61 SW-6987 Challenges and Mitigations headers not appearing (#4119)
135a2560b8f SW-6979 Horizontal Rules in Report (#4118)
b7ef8e7601c SW-7032 Remove Old Project Profile code (#4115)
892864e0304 SW-6968 Mobile: Challenges and Mitigations should stack (#4117)
36b07048179 SW-6925: Accessions: Cannot withdraw in mg if collection is in grams (#4112)
61503017d7d SW-7031 Remove Assign & Collect Reports feature flag (#4116)
73bb3a2c2a0 SW-7032 Remove Project Profile Feature Flag from dump file too (#4114)
99c027ad414 SW-7032 Remove Project Profile Feature Flag (#4113)
8790ff1303a SW-6889 Add e2e test for new plants dashboards (#4108)
1180fe43cfe SW-7028 Planting Site: Add Hectares and Hectares completed numbers above map (#4110)
0c4e9528fc1 SW-6922: e2e tests for variables, documents, and deliverables tabs on new project profile (#4111)
73f6b8b8935 Bump tar-fs from 2.1.2 to 2.1.3 (#4107)
dad006cb3ba Update dependency @babel/traverse to v7.27.4 (#4104)
69e064215d1 SW-7027 Some document previews cause FE errors (#4106)
b27211c3cd3 SW-6990 Used planting sites dispatch requestId (#4099)
d523fee7154 SW-7003 Bug report form does not close after submission (#4103)
2914891e811 Update text of message for "The geometry of this site has changed." (#4102)
3de5c86bf20 SW-6923 Create e2e test for the plants dashboard in console (#4083)
46c473a9db1 Fixed router and provider deps (#4101)
ebff7fe32db Used observation completed for subzone selector when scheduling (#4100)
6e50cd6ef95 SW-7014 Used hook data instead of incorrect selector data for rescheduling observations (#4093)
2a24efe3676 SW-7016 Include unknown species in results CSVs (#4096)
b861c62367d Use question mark instead of period for question string (#4098)
a478913a84f Updated translations from Phrase (#4097)
d1a164ceb81 SW-7005 Update delete-species dialog copy (#4094)
f3f2a0172a4 SW-6994 Follow-up Last observation styles in popup (#4086)
c2c2e9c8dee SW-7009 If multiple species have the same mortality rate, we incorrectly show only one species with mortality (#4091)
10c8453ecb3 SW-7012 Remove zones and boundaries from planting site edit (#4090)
8fbf92ed352 Add space in Geometry Changed text (#4088)
8b258da1df9 SW-6997 Do not dispatch species request for orgId below 1 (#4089)
430b48b3de6 SW-7006 Spinner doesn't go after creating planting site (#4087)
b187bbf27ec SW-7004 Accelerator document upload error (#4085)
8c8628f83d7 SW-6970 (follow-up) Add padding to all Plants Dashboard section headers (#4076)
c3a87bbb5bc SW-6994 Map: Include "as of [latest Observation date] Observation" in Zone popover (#4084)
7ebaac453db Plants Dashboard - Fix Console spinner condition (#4082)
32afbd82246 SW-6986 Fix Margins for mobile View Reports link (#4080)
af9024b0857 Update Node.js to v22.16.0 (#4081)
83139d29393 Updated translations from Phrase (#4077)
c7f4e7a37a2 SW-6982 Remove zone figure label on funder portal (#4079)
4207d8eeeae Enable jsx-no-bind linting rule, prepare to remove it in CI (#4072)
7cae54ad9b6 SW-6974 Added planting site history slider (#4068)
c02d7952261 SW-6932 Improve spinners on dashboard (#4043)
a2ba2dbe271 SW-6999 Number totals not presenting in nursery inventory feature (#4078)
80dc81ec158 SW-6967 Fix mobile funder logo (#4075)
5b773406ca8 SW-6989 Remove irrelevant items from funder portal small device menu (#4073)
bc6e6725d21 SW-6986 Fix Margins for mobile View Reports link (#4074)
8f1f893cb2c Map Legend: Observation Events - copy update and tooltip (#4069)
79460cb51a6 SW-6977 Mobile: Date selector is not wrapping (#4071)
19360ee8388 SW-6970   "Plants Dashboard" page title is missing (#4070)
e5cef8fa591 SW-6982 Remove map label on funder portal (#4066)
5ba5f91c927 SW-6981 Added recency gradient based on diffs from today (#4067)
d29624eb72d SW-6976 Use latest observation from planting site payload (#4065)
9480a9ca904 Replace lambda calls with callbacks (#4064)
5294011ec4a SW-6930 Added rececny and mortality rate to subzone level results map (#4052)
1723cf238d8 SW-6936 Separate planting site tables and draft planting site tables, and show only current info (#4046)
1390b43f9c0 SW-6956 Fix View Reports button not scrolling to top of screen (#4063)
d0610bde753 Fix infinite render on challenges (#4062)
9f58bfe265e SW-6966 Formatting is not correct for Project-specific metrics in non-Climate Components (#4061)
22a66426e5b SW-6975 Do not reload data  for plant dashboard if set to the same site (#4060)
2391005cea3 SW-6960 Funder Project Profile test (#4059)
08b8efe119a SW-6971 E2E Tests for Funding Entities (#4058)
b486c893035 Fix more exhaustive-deps errors (#4049)
e072a7558eb Updated translations from Phrase (#4057)
ddf7d8053b1 SW-6962 PartEx: Planting Site selector showing when there is no Planting Site (#4056)
56ac72ce888 SW-6949 Planting Sites should show Zone and Subzone borders (#4050)
0fec64da783 SW-6947 Zone Trends Graphs: graph date axes are inconsistent (#4047)
2a32dbaaa48 Fix 2 console warnings during playwright tests (#4055)
2c6345c2ead SW-6961 Project Selector not showing "No Project Selected" (#4054)
b5e59ad0751 SW-6917 Fix Metric status badge wrapping (#4053)
15ef77c747f SW-6954 Include localized thousandths separator for number for "Total Planting Area" (#4051)
48cf77c9149 SW-6830 Modify map legends style in dashboard (#4048)
0d40cef1d4b SW-6963 Update Funder Portal title for both tabs (#4045)
523ecff578b SW-6956 SW-6958 SW-6959 Fix funder portal project profile UI issues (#4044)
899ef7f6f70 Make exhaustive-deps error, fix some of them (#4039)
20f33e3df95 SW-6249 Fix accessions back button (#4038)
c4fc3eda2e2 Updated translations from Phrase (#4042)
33a054ac552 SW-6933 For accelerator projects never show Onboarding (#4041)
f17b14e0535 SW-6946 Legend should always be visible on trends charts (#4040)
361345fe288 Fix rules-of-hooks lint errors from react-hooks (#4030)
0cc6e7d0aa2 SW-6905 Display Carbon Certification on Project Profile (#4028)
78d92ac260b SW-6945 Move Target hectares above progress bar (#4037)
9a6709acd12 SW-6944 All Planting Sites view not selected by default (#4036)
4f42a260bd0 SW-6939 Total Planted Complete card: Show hectares with tenths decimal place (#4032)
4b92d549d3e SW-6943 "Observation" word is missing in Message at top (#4035)
1326de84f03 SW-6941 Tool-tips for Project Area Totals / All Planting Sites not showing the appropriate copy (#4034)
74bb4cb1e37 SW-6940 Zero state showing green bar / completed status for 0% (#4033)
e4007f943c6 Add react-hooks lint plugin, use recommended settings (#4029)
c7bcebe9233 SW-6938 Appropriate thousandths separator not showing in numbers (#4031)
e960805d022 SW-6931 Used planting site context for monitoring plot details page (#4026)
0761a1d67eb Updated translations from Phrase (#4027)
aee35817c4d SW-6917 Mobile View: Non-wrapping status bar (#4025)
3a061594ea2 Remove links to observations on console dashboard (#4024)
a5ad7123e6e SW-6934 Update text under "Current Timeline" on Modules page to add DD Phase specific text (#4023)
4d924b50e22 SW-6933 If Accelerator project does not have any species, accelerator home page does not show (#4020)
433c976d134 SW-6935 Participant - Add Project selector dropdown on Plants Dashboard (#4018)
84a2a1d61af SW-6813: Add Variables tab to Project Profile in Console (Follow-up #1) (#4016)
c1c7e696cab Updated translations from Phrase (#4019)
6fc40e64f4d SW-6932 Add loading spinner to plants dashboard (#4021)
6a85ca8a781 SW-6840 Calculate total plants from raw numbers (#4022)
f685ec16d6e SW-6832 Console - Dashboard rolled-up view (#4003)
cdeb65de929 Update Node.js to v22.15.1 (#4017)
37a02858ae0 Updated translations from Phrase (#4015)
8a63a1b9035 Adding back removed code used for observations (#4014)
e9d9508d4bf Update PlantsPrimaryPageView.tsx
db113e71231 Fix button id
4cb3f7f0d6a Adding back removed code used for observations
cb001610d61 SW-6813: Add Variables tab to Project Profile in Console (#4010)
e5d9f157539 SW-6928 Cleanup Project Profile UI (#4012)
b6e1b18956c SW-6878 Hide Not Needed as a report review option (#4013)
d79ea0fa8a7 SW-6840 Replaced species selector in observations (#4009)
7174eaa6e93 Removed empty state option for observations (#4011)
13e38450105 Added localization to inventory list tables (#4008)
81f39a67a13 Fixed dispatches in useOrganization hook (#4007)
2cab6ddf29e Fixed memoization of use numbers (#4006)
f0907d19757 SW-6894 Update funder portal for mobile/tablet (#4000)
d3eb1be01c5 SW-6893 Cleanup Funder Project Profile, strip country from deal name (#3997)
c1a5dee22d5 Do not recreate numericFormatter (#4005)
afec510b086 Do not dispatch -1 planting site (#4004)
bea13f20bb3 SW-6920 Update Link Locations (#3995)
2f7587e7ee0 Added redux and hooks for fetching tracking data for an organization (#4001)
6f4de945f9b SW-6807: Project Org Admin should be able to edit metric targets (Follow-up #5 🫠) (#4002)
f6f6114dc07 SW-6900 Playwright tests for project profile (#3989)
a56db1255a5 Replaced sporadic species dispatch calls with species provider (#3979)
4a087f2383c SW-6880 Progress Notes text in Funder Portal not showing line breaks or using "see more" feature (#3998)
06b14fe84ee Replace component with web-components version (#3996)
8bca7918f97 Replaced seed fund report usages of observation selectors (#3985)
390773da86c SW-6918 Fix order of sdg list (#3993)
f18bd4cfe8a SW-6851 Info icons 16x16 (#3994)
c4a6a5de16c Fix some lint issues (#3992)
2e0f3dacf60 SW-6893 Add published reports data to Funder Portal Project Profile (#3981)
6b8bf8bd7be SW-6893 Add Funder Portal Project Profile view (#3968)
dd79875b0e2 SW-6893 Move funder reports retrieval to funder home (#3967)
ccc5a9b78f0 SW-6911 TF Expert should not see "Publish" button for reports (#3991)
253d887e6d7 SW-6807: Project Org Admin should be able to edit metric targets (Follow-up #4) (#3990)
50a1ac3c880 Fix no-base-to-string and restrict-template-expressions linting issues (#3987)
eaea9a8f602 Fix no-unused-vars and no-unused-expressions linting issues (#3988)
74989e3ec00 SW-6807: Project Org Admin should be able to edit metric targets (Follow-up #3) (#3986)
df9b5a78443 Fix no-shadow linting issues (#3984)
6b9aa184361 Fixed bug with formatting date (#3983)
4179d872551 Updated translations from Phrase (#3980)
6304b147dac Update dependency react-error-boundary to v6 (#3977)
b8787c303ff SW-6840 Export observation results (#3976)
e77da3c9ec3 Update dependency web-vitals to v5 (#3978)
3b4061f41db Disabled no-unsafe-* linting rules and removed manual disabling of them for lines (#3975)
bd28211460a SW-6837 Added PlantingSiteProvider to replace sporadic dispatches and selectors (#3927)
5bbf48705bb Fix no-floating-promises and no-misused-promise linting issues (#3964)
3505a400a40 SW-6807: Project Org Admin should be able to edit metric targets (Follow-up #2) (#3973)
e4b9db9be2f SW-6873 Update handling of deleting model use types (#3972)
5ec3d7953a0 SW-6872 Add Empty State for Land Use Model Hectares (#3971)
1f3cce2b4bf SW-6886 Reports settings - 'Edit Settings' copy needed on button (#3969)
8d068906030 SW-6832 Total plants and species for rolled up view (#3966)
96a576e4d2b SW-6876 Add Empty State for SDG and Funding Entities (#3970)
848a9f139ad Run yarn lint --fix to fix simple lint issues (#3965)
ecde4df2914 Disable project map zoom for country map only (#3961)
6885e03df27 Updated translations from Phrase (#3962)
aa9f670d531 SW-6820 Make Project Map be the same height as the Project Image (#3958)
e085fbe7b3c SW-6820 Make Project Profile images display consistently with aspect ratio of 3:2 (#3957)
5fe0bc07e87 Allow placement of preview photo (#3951)
6f7c8cd80a6 SW-6832 Use -2 id for rolled up view (#3956)
b70bb6d22ab SW-6888 Spacing on top of metrics too large (#3960)
db8ba9debd8 SW-6887 Highlight disappears when adding internal comments (#3959)
f50539262df SW-6812: Add Deliverables tab to Project Profile in Console (Follow-up #2) (#3939)
76b9ee17bb8 Updated translations from Phrase (#3950)
89d3e16b836 SW-6881 % sign not showing for System Metric Mortality Rate numbers (#3954)
e1792fea97e SW-6884 Need spacing between sections (#3955)
2a2ad0aefaf SW-6879 Do not overwrite fields when reviewing report (#3953)
2a6bf2d4b98 SW-6875 Added callback deps for updating phase (#3952)
39c416833a7 SW-6878 Selecting "Not Needed" in Document Status dialog causes error (#3949)
4b2498636e2 SW-6847 Highlights text in Funder Report not showing line breaks (#3948)
913ce068139 Progress Notes styles (#3947)
0ca16ba08ac Updated translations from Phrase (#3946)
1eb3291ffad SW-6242 SW-6840 Export all biomass CSVs (#3935)
64015a59f25 SW-6852 Progress Notes not appearing in Funder Report (#3942)
425865b691b SW-6820 Refactor Photo Selector to allow preview to show an existing photo (#3936)
9cbe1c553e6 SW-6870 Data in Highlights field disappears in Report Form in Console when approved (#3945)
7a627263099 SW-6869 Don't allow Publishing before Approve (#3944)
9f7786213d6 SW-6868 Request Update dialog does not disappear after clicking Request Update button (#3943)
018e99a6d72 SW-6820 Create PhotoDragDrop component in prep for new selector, update description text (#3933)
1b7bff4d868 Update dependency slate-dom to ^0.114.0 (#3938)
d83b4b92a1d Update dependency slate to ^0.114.0 (#3937)
7ca7e573ec2 Update dependency slate-react to ^0.114.0 (#3940)
be3e76fae64 Update dependency @babel/traverse to v7.27.1 (#3941)
8df1600a258 Updated translations from Phrase (#3932)
14925997c6b Fix no-floating-promises and no-misused-promise linting issues (#3926)
067ed14e5bb Fix react-router-v7 update to navigate being a promise (linting issue) (#3925)
b2cb70733dc Re-publishing report with Status and Progress Notes updates for System Metrics removes Target numbers in Funder Report (#3934)
5a2662dfd30 SW-6807: Project Org Admin should be able to edit metric targets (Follow-up) (#3928)
31e2483d3c6 SW-6860 Report data provided by Partner and TF user not appearing in published Funder Report (#3930)
6603c213e12 Clean reports table when changing project and no results (#3929)
b769c0471f7 SW-6819 Edit Page text/dropdown fields (#3922)
e406dcaaf04 Fix empty-function, empty-object, object-shorthand linting issues (#3924)
b4f5e1954e1 Fix jsdoc-indentation linting issues (#3923)
4faa3ffa6ee Updated translations from Phrase (#3931)
a2de06845b9 SW-6831 Add new Plants Dashboard empty state (#3918)
50f509aa363 SW-6785 Add Project Profile Funding Entities (#3913)
114064f041a SW-6706  Surface Plot Location coordinates in Detail screens (#3919)
f05d730f11d SW-6773 Upgrade to React Router 7 (#3914)
ff4e68488fe Updated translations from Phrase (#3921)
8bbb8685507 Updated translations from Phrase (#3920)
bce1d381f51 SW-6784 Add Project Profile SDG section (#3912)
137d68ace5f SW-6783 Add Project Profile Links section (#3911)
3b4aeeb9870 SW-6782 Add display of land and carbon data to Project Profile (#3900)
c601efe6f36 SW-6781 Add cards and data for submitted reports to Project Profile (#3898)
f705bd3a3c9 SW-6838 Added missing deps to render callbacks (#3916)
53fd3d69389 Updated translations from Phrase (#3917)
1a640132a9a Add useProjectReports hook (#3897)
39320302ea1 SW-6812: Add Deliverables tab to Project Profile in Console (Follow-up) (#3915)
7c9363c927d SW-6836 Updated deps for planting charts (#3909)
c39ff5738d2 Add general purpose number scale formatter (#3896)
1cb2ad1f7cf SW-6811: Add Documents tab to Project Profile in Console (#3910)
5a62301e73e SW-6781 Add data section cards to project profile view (#3894)
b8ee8ffd4ba SW-6836 Added render callback deps (#3907)
fb721da0909 Mobile view for Funder Report (#3905)
fced56d2b97 SW-6838 Added dependencies on conditional rendering (#3906)
db810f787ef Use project deal name on Funder Report (#3902)
648585108c4 Fix duplicate variable definition (projectId) (#3899)
015be85ef6a SW-6814 Vertically center project images (#3904)
df9d39380b2 Updated translations from Phrase (#3895)
8b9eafc4c66 SW-6841 Fix Challenge/Mitigation box for participant reports (#3903)
313733b3c14 Biomass Observations: Not seeing Ad Hoc plots in Map (#3901)
9503637f5a6 SW-6829 Console - Add Planting Site dropdown in Dashboard (#3892)
d33f492f403 Update nginx Docker tag to v1.28 (#3890)
c5bb67156fb Update Node.js to v22.15.0 (#3889)
84bf46cfba6 SW-6812: Add Deliverables tab to Project Profile in Console (#3888)
43e4aea7afb Remove unnecessary supported locales to numberFormatter (#3893)
5eb5b40357e SW-6828 Console - Add Dashboard tab in Project View (#3891)
5bf7eae1d69 SW-6821 Add validation to subset count by count (#3885)
e8b1f14f41e Replace tslint disables with eslint (#3887)
bf26a808323 SW-5592 Enable eslint in editors (#3886)
7fda0c79e01 SW-6820 Initial version of upload photos with no styling (#3884)
5434188ebee Restructure photo files in preparation of upcoming updates (#3883)
4690b99f37f Fix TFContact not updating in project profile if no prior org contact (#3880)
2d11e112878 Updated translations from Phrase (#3882)
de85bc096a5 Improve organization of ObservationsRouter directory (#3874)
4ffe9fa4eda SW-6707 Add species match for biomass observations (#3870)
5ea2386c41f Fix node warning in console: `util._extend` API is deprecated (Follow-up) (#3881)
f3832c04e6b SW-6815 Add static map to project profile (#3865)
6b65adfc7f0 Update dependency http-proxy-middleware to v2.0.8 [SECURITY] (#3877)
4e02d1e8e0a Update Browserslist DB (#3879)
176df9ddff9 Fix node warning in console: `util._extend` API is deprecated (#3875)
14ebeca7014 Fix occasional infinite re-render on project profile edit page (#3873)
4c7b7a2dd3e SW-6809 Don't call features api for contributors (#3872)
2387873bea9 SW-6824 TF Experts should be able to edit application status and internal comments (#3871)
cebea803eb8 SW-6807: Project Org Admin should be able to edit metric targets (#3869)
708d597dd87 SW-6821 Accession subset count/weight validation (#3868)
bf9047d1dfe SW-6818 Add query param to view one report (#3867)
1ebf378a399 SW-6400 follow-up When changing orgs, planting site data is not updated correctly (#3851)
668e3263548 SW-6806: Need to refresh after submitting a report to view status update (#3866)
b733be012f3 Updated translations from Phrase (#3863)
b0c92c08183 SW-6761: Reports page should not be accessible by Contributors & Managers (Follow-ups) (#3862)
93aa22a1aec SW-6814 Get Project Profile images (#3864)
844e72f10de SW-6780 Add project size and country to project profile (#3861)
e655ce1edd7 SW-6780 Add project lead and footer to project profile (#3860)
4e5367bfef7 SW-6780 Add details to top bar of project profile (#3859)
dcaf2a5de34 SW-6780 Create Overview card for Project Profile (#3858)
cce52b8c9af SW-6799 Add publish report redux (#3857)
0a7fdbf25f4 SW-6632 Added elevation field to biomass details (#3854)
330d4af7d36 Fix Seed Fund Report type errors with sdg numbers update (#3855)
59ba6bfa2c2 SW-6792 Add deal name to documents page query (#3852)
522130bbb73 SW-6779 Add Feature Flag for new Project Profile page (#3853)
604573c3200 SW-6799 Funder Reports - Add BE api calls to UI (#3844)
25d6a7ad108 SW-6761: Reports page should not be accessible by Contributors & Managers (Follow-ups) (#3846)
